{
  "stats": {
    "suites": 1,
    "tests": 1,
    "passes": 1,
    "pending": 0,
    "failures": 0,
    "start": "2023-12-18T21:13:41.046Z",
    "end": "2023-12-18T21:13:53.167Z",
    "duration": 12121,
    "testsRegistered": 1,
    "passPercent": 100,
    "pendingPercent": 0,
    "other": 0,
    "hasOther": false,
    "skipped": 0,
    "hasSkipped": false
  },
  "results": [
    {
      "uuid": "a45603ba-2ebf-4c75-a35b-468fa0c44430",
      "title": "",
      "fullFile": "cypress/e2e/criaçãoDeConta.cy.js",
      "file": "cypress/e2e/criaçãoDeConta.cy.js",
      "beforeHooks": [],
      "afterHooks": [],
      "tests": [],
      "suites": [
        {
          "uuid": "a8f31647-7ca2-4146-85cf-8009d22fabad",
          "title": "exercicio 1",
          "fullFile": "",
          "file": "",
          "beforeHooks": [],
          "afterHooks": [],
          "tests": [
            {
              "title": "fluxo de criação de conta,",
              "fullTitle": "exercicio 1 fluxo de criação de conta,",
              "timedOut": null,
              "duration": 5909,
              "state": "passed",
              "speed": "medium",
              "pass": true,
              "fail": false,
              "pending": false,
              "context": null,
              "code": "cy.visit('http://lojaebac.ebaconline.art.br/');\ncy.get('.icon-user-unfollow').click();\ncy.get('#reg_email').type(email);\ncy.get('#reg_password').type('text123');\ncy.get(':nth-child(4) > .button').click();\ncy.contains('A partir do painel de controle de sua conta, você pode ver suas compras recentes').should('be.visible');",
              "err": {},
              "uuid": "8febbae7-ec2f-4629-b382-63ca388d57b2",
              "parentUUID": "a8f31647-7ca2-4146-85cf-8009d22fabad",
              "isHook": false,
              "skipped": false
            }
          ],
          "suites": [],
          "passes": [
            "8febbae7-ec2f-4629-b382-63ca388d57b2"
          ],
          "failures": [],
          "pending": [],
          "skipped": [],
          "duration": 5909,
          "root": false,
          "rootEmpty": false,
          "_timeout": 2000
        }
      ],
      "passes": [],
      "failures": [],
      "pending": [],
      "skipped": [],
      "duration": 0,
      "root": true,
      "rootEmpty": true,
      "_timeout": 2000
    }
  ],
  "meta": {
    "mocha": {
      "version": "7.0.1"
    },
    "mochawesome": {
      "options": {
        "quiet": false,
        "reportFilename": "mochawesome",
        "saveHtml": true,
        "saveJson": true,
        "consoleReporter": "spec",
        "useInlineDiffs": false,
        "code": true
      },
      "version": "7.1.3"
    },
    "marge": {
      "options": null,
      "version": "6.2.0"
    }
  }
}