{
  "stats": {
    "suites": 1,
    "tests": 1,
    "passes": 1,
    "pending": 0,
    "failures": 0,
    "start": "2023-12-18T21:18:28.185Z",
    "end": "2023-12-18T21:18:42.762Z",
    "duration": 14577,
    "testsRegistered": 1,
    "passPercent": 100,
    "pendingPercent": 0,
    "other": 0,
    "hasOther": false,
    "skipped": 0,
    "hasSkipped": false
  },
  "results": [
    {
      "uuid": "3b07e010-ce5b-49f6-9779-59b20bddfa39",
      "title": "",
      "fullFile": "cypress/e2e/criaçãoDeConta.cy.js",
      "file": "cypress/e2e/criaçãoDeConta.cy.js",
      "beforeHooks": [],
      "afterHooks": [],
      "tests": [],
      "suites": [
        {
          "uuid": "6e9b5063-3cba-49ed-ba23-da274d0f6ced",
          "title": "exercicio 1",
          "fullFile": "",
          "file": "",
          "beforeHooks": [],
          "afterHooks": [],
          "tests": [
            {
              "title": "fluxo de criação de conta,",
              "fullTitle": "exercicio 1 fluxo de criação de conta,",
              "timedOut": null,
              "duration": 6244,
              "state": "passed",
              "speed": "medium",
              "pass": true,
              "fail": false,
              "pending": false,
              "context": null,
              "code": "cy.visit('http://lojaebac.ebaconline.art.br/');\ncy.get('.icon-user-unfollow').click();\ncy.get('#reg_email').type(email);\ncy.get('#reg_password').type('text123');\ncy.get(':nth-child(4) > .button').click();\ncy.contains('A partir do painel de controle de sua conta, você pode ver suas compras recentes').should('be.visible');",
              "err": {},
              "uuid": "efb5e738-cd9d-4c87-abfc-4f56f29154f8",
              "parentUUID": "6e9b5063-3cba-49ed-ba23-da274d0f6ced",
              "isHook": false,
              "skipped": false
            }
          ],
          "suites": [],
          "passes": [
            "efb5e738-cd9d-4c87-abfc-4f56f29154f8"
          ],
          "failures": [],
          "pending": [],
          "skipped": [],
          "duration": 6244,
          "root": false,
          "rootEmpty": false,
          "_timeout": 2000
        }
      ],
      "passes": [],
      "failures": [],
      "pending": [],
      "skipped": [],
      "duration": 0,
      "root": true,
      "rootEmpty": true,
      "_timeout": 2000
    }
  ],
  "meta": {
    "mocha": {
      "version": "7.0.1"
    },
    "mochawesome": {
      "options": {
        "quiet": false,
        "reportFilename": "mochawesome",
        "saveHtml": true,
        "saveJson": true,
        "consoleReporter": "spec",
        "useInlineDiffs": false,
        "code": true
      },
      "version": "7.1.3"
    },
    "marge": {
      "options": {
        "overwrite": false
      },
      "version": "6.2.0"
    }
  }
}